{
  "RSpec": {
    "coverage": {
      "/Users/vijayarajmurugesan/development/enphase/enphase_demo_app/app/controllers/application_controller.rb": [
        1,
        1,
        null
      ],
      "/Users/vijayarajmurugesan/development/enphase/enphase_demo_app/app/helpers/application_helper.rb": [
        1,
        null,
        null,
        null,
        null,
        null,
        null,
        null,
        null,
        null,
        null,
        null,
        null,
        null
      ],
      "/Users/vijayarajmurugesan/development/enphase/enphase_demo_app/app/controllers/demo_controller.rb": [
        1,
        1,
        null,
        1,
        1,
        null,
        1,
        null,
        null,
        null,
        1,
        1,
        null,
        null,
        1,
        1,
        1,
        1,
        null,
        1,
        null,
        null,
        1,
        1,
        null,
        1,
        null,
        null,
        null,
        1,
        4,
        4,
        null,
        null,
        null,
        4,
        1,
        1,
        1,
        null,
        null,
        4,
        8,
        null,
        null,
        null,
        1,
        2,
        null,
        1,
        1,
        null,
        null,
        1,
        2,
        null,
        null,
        null,
        1,
        2,
        1,
        1,
        1,
        1,
        null,
        1,
        2,
        null,
        null,
        null,
        null,
        1,
        4,
        null,
        2,
        1,
        null,
        null,
        2,
        4,
        null,
        null,
        null,
        1,
        4,
        null,
        2,
        1,
        null,
        null,
        2,
        4,
        null,
        null,
        null,
        1,
        3,
        3,
        3,
        null,
        null,
        3,
        1,
        null,
        null,
        3,
        6,
        null,
        null,
        null,
        null,
        1,
        4,
        null,
        2,
        1,
        null,
        null,
        2,
        4,
        null,
        null,
        null,
        1,
        1,
        19,
        null,
        null,
        null,
        1,
        15,
        15,
        15,
        15,
        15,
        0,
        0,
        null,
        null,
        null,
        null
      ],
      "/Users/vijayarajmurugesan/development/enphase/enphase_demo_app/app/models/demo_helper_methods.rb": [
        1,
        null,
        1,
        3,
        440,
        3,
        null,
        3,
        3,
        null,
        null,
        1,
        1,
        1,
        null,
        1,
        1,
        null,
        null,
        1,
        1,
        1,
        1,
        1,
        null,
        1,
        1,
        null,
        null,
        1,
        6,
        6,
        null,
        null,
        null,
        null,
        null,
        null,
        null,
        1,
        7,
        null,
        null,
        7,
        null,
        null,
        null,
        null,
        1,
        1,
        1,
        null,
        null,
        null,
        null,
        null,
        null,
        null,
        null,
        1,
        437,
        null,
        null,
        null,
        null,
        null,
        null,
        null,
        1,
        1,
        null,
        null,
        null,
        null,
        null,
        null,
        1,
        1,
        null,
        1,
        null,
        null,
        null,
        null,
        2617,
        2617,
        null,
        null,
        1,
        null,
        null
      ],
      "/Users/vijayarajmurugesan/development/enphase/enphase_demo_app/app/models/data_harvest.rb": [
        1,
        1,
        null,
        null
      ],
      "/Users/vijayarajmurugesan/development/enphase/enphase_demo_app/app/models/enphase_energy_lifetime.rb": [
        1,
        1,
        null,
        1,
        1,
        null
      ],
      "/Users/vijayarajmurugesan/development/enphase/enphase_demo_app/app/models/enphase_energy_lifetime_daily_reading.rb": [
        1,
        1,
        1,
        null
      ],
      "/Users/vijayarajmurugesan/development/enphase/enphase_demo_app/app/models/enphase_stat.rb": [
        1,
        null,
        1,
        null,
        1,
        437,
        null,
        null,
        1,
        0,
        null,
        null,
        1,
        437,
        null,
        null
      ],
      "/Users/vijayarajmurugesan/development/enphase/enphase_demo_app/app/models/enphase_summary.rb": [
        1,
        1,
        null,
        null
      ],
      "/Users/vijayarajmurugesan/development/enphase/enphase_demo_app/app/models/gb_per15_reading.rb": [
        1,
        1,
        null
      ],
      "/Users/vijayarajmurugesan/development/enphase/enphase_demo_app/app/models/job.rb": [
        1,
        1,
        null,
        1,
        0,
        null,
        null
      ],
      "/Users/vijayarajmurugesan/development/enphase/enphase_demo_app/app/models/stats_aggregate_consumption.rb": [
        1,
        1,
        null
      ],
      "/Users/vijayarajmurugesan/development/enphase/enphase_demo_app/app/models/user.rb": [
        1,
        null,
        1,
        null
      ]
    },
    "timestamp": 1427475953
  }
}
